0 verbose cli D:\software\nodejs\node.exe D:\software\nodejs\node_modules\npm\bin\npm-cli.js
1 info using npm@10.9.3
2 info using node@v22.19.0
3 silly config load:file:D:\software\nodejs\node_modules\npm\npmrc
4 silly config load:file:d:\PythonProject\KnockRead\.npmrc
5 silly config load:file:C:\Users\Hao\.npmrc
6 silly config load:file:D:\software\nodejs\node_global\etc\npmrc
7 verbose title npm view react-dom description dist-tags.latest homepage version time
8 verbose argv "view" "--json" "--" "react-dom" "description" "dist-tags.latest" "homepage" "version" "time"
9 verbose logfile logs-max:10 dir:d:\PythonProject\KnockRead\.npm-cache\_logs\2025-12-02T10_52_37_792Z-
10 verbose logfile d:\PythonProject\KnockRead\.npm-cache\_logs\2025-12-02T10_52_37_792Z-debug-0.log
11 silly logfile start cleaning logs, removing 1 files
12 silly logfile done cleaning log files
13 http fetch GET 200 https://registry.npmjs.org/react-dom 1294ms (cache revalidated)
14 verbose cwd d:\PythonProject\KnockRead
15 verbose os Windows_NT 10.0.19045
16 verbose node v22.19.0
17 verbose npm  v10.9.3
18 verbose exit 0
19 info ok
